<?xml version="1.0" encoding="UTF-8"?>
<testng-results skipped="0" failed="0" total="1" passed="1">
  <reporter-output>
  </reporter-output>
  <suite name="Default suite" duration-ms="100918" started-at="2015-09-03T07:45:11Z" finished-at="2015-09-03T07:46:52Z">
    <groups>
    </groups>
    <test name="Default test" duration-ms="100918" started-at="2015-09-03T07:45:11Z" finished-at="2015-09-03T07:46:52Z">
      <class name="Functional_Scenarios.ProductDetailsScenarios">
        <test-method status="PASS" signature="initializeDrivers()[pri:0, instance:Functional_Scenarios.ProductDetailsScenarios@67591ba4]" name="initializeDrivers" is-config="true" duration-ms="37189" started-at="2015-09-03T13:15:11Z" finished-at="2015-09-03T13:15:48Z">
          <reporter-output>
          </reporter-output>
        </test-method> <!-- initializeDrivers -->
        <test-method status="PASS" signature="productFeaturesDetails()[pri:0, instance:Functional_Scenarios.ProductDetailsScenarios@67591ba4]" name="productFeaturesDetails" duration-ms="59143" started-at="2015-09-03T13:15:48Z" finished-at="2015-09-03T13:16:48Z">
          <reporter-output>
          </reporter-output>
        </test-method> <!-- productFeaturesDetails -->
        <test-method status="PASS" signature="quitTest()[pri:0, instance:Functional_Scenarios.ProductDetailsScenarios@67591ba4]" name="quitTest" is-config="true" duration-ms="4556" started-at="2015-09-03T13:16:48Z" finished-at="2015-09-03T13:16:52Z">
          <reporter-output>
          </reporter-output>
        </test-method> <!-- quitTest -->
      </class> <!-- Functional_Scenarios.ProductDetailsScenarios -->
    </test> <!-- Default test -->
  </suite> <!-- Default suite -->
</testng-results>
